04-Oct-2021 20:44:41.868 INFO [main] org.apache.catalina.core.ApplicationContext.log ContextListener: contextInitialized()
04-Oct-2021 20:44:41.870 INFO [main] org.apache.catalina.core.ApplicationContext.log SessionListener: contextInitialized()
04-Oct-2021 20:44:41.874 INFO [main] org.apache.catalina.core.ApplicationContext.log ContextListener: attributeAdded('StockTicker', 'async.Stockticker@547e29a4')
04-Oct-2021 20:59:55.175 INFO [Thread-2] org.apache.catalina.core.ApplicationContext.log SessionListener: contextDestroyed()
04-Oct-2021 20:59:55.175 INFO [Thread-2] org.apache.catalina.core.ApplicationContext.log ContextListener: contextDestroyed()
04-Oct-2021 21:00:49.622 INFO [main] org.apache.catalina.core.ApplicationContext.log ContextListener: contextInitialized()
04-Oct-2021 21:00:49.622 INFO [main] org.apache.catalina.core.ApplicationContext.log SessionListener: contextInitialized()
04-Oct-2021 21:00:49.637 INFO [main] org.apache.catalina.core.ApplicationContext.log ContextListener: attributeAdded('StockTicker', 'async.Stockticker@3c8bdd5b')
04-Oct-2021 21:03:25.746 INFO [Thread-2] org.apache.catalina.core.ApplicationContext.log SessionListener: contextDestroyed()
04-Oct-2021 21:03:25.746 INFO [Thread-2] org.apache.catalina.core.ApplicationContext.log ContextListener: contextDestroyed()
04-Oct-2021 21:04:38.694 INFO [main] org.apache.catalina.core.ApplicationContext.log ContextListener: contextInitialized()
04-Oct-2021 21:04:38.694 INFO [main] org.apache.catalina.core.ApplicationContext.log SessionListener: contextInitialized()
04-Oct-2021 21:04:38.698 INFO [main] org.apache.catalina.core.ApplicationContext.log ContextListener: attributeAdded('StockTicker', 'async.Stockticker@512d92b')
04-Oct-2021 21:12:51.924 INFO [Thread-2] org.apache.catalina.core.ApplicationContext.log SessionListener: contextDestroyed()
04-Oct-2021 21:12:51.940 INFO [Thread-2] org.apache.catalina.core.ApplicationContext.log ContextListener: contextDestroyed()
04-Oct-2021 21:13:03.439 INFO [main] org.apache.catalina.core.ApplicationContext.log ContextListener: contextInitialized()
04-Oct-2021 21:13:03.439 INFO [main] org.apache.catalina.core.ApplicationContext.log SessionListener: contextInitialized()
04-Oct-2021 21:13:03.454 INFO [main] org.apache.catalina.core.ApplicationContext.log ContextListener: attributeAdded('StockTicker', 'async.Stockticker@3a7b503d')
04-Oct-2021 21:14:42.640 INFO [Thread-2] org.apache.catalina.core.ApplicationContext.log SessionListener: contextDestroyed()
04-Oct-2021 21:14:42.640 INFO [Thread-2] org.apache.catalina.core.ApplicationContext.log ContextListener: contextDestroyed()
04-Oct-2021 21:14:50.490 INFO [main] org.apache.catalina.core.ApplicationContext.log ContextListener: contextInitialized()
04-Oct-2021 21:14:50.490 INFO [main] org.apache.catalina.core.ApplicationContext.log SessionListener: contextInitialized()
04-Oct-2021 21:14:50.495 INFO [main] org.apache.catalina.core.ApplicationContext.log ContextListener: attributeAdded('StockTicker', 'async.Stockticker@88d6f9b')
04-Oct-2021 21:46:34.145 INFO [Thread-2] org.apache.catalina.core.ApplicationContext.log SessionListener: contextDestroyed()
04-Oct-2021 21:46:34.145 INFO [Thread-2] org.apache.catalina.core.ApplicationContext.log ContextListener: contextDestroyed()
04-Oct-2021 22:21:57.589 INFO [main] org.apache.catalina.core.ApplicationContext.log ContextListener: contextInitialized()
04-Oct-2021 22:21:57.589 INFO [main] org.apache.catalina.core.ApplicationContext.log SessionListener: contextInitialized()
04-Oct-2021 22:21:57.593 INFO [main] org.apache.catalina.core.ApplicationContext.log ContextListener: attributeAdded('StockTicker', 'async.Stockticker@255990cc')
04-Oct-2021 22:22:07.308 INFO [Thread-2] org.apache.catalina.core.ApplicationContext.log SessionListener: contextDestroyed()
04-Oct-2021 22:22:07.308 INFO [Thread-2] org.apache.catalina.core.ApplicationContext.log ContextListener: contextDestroyed()
04-Oct-2021 22:23:13.216 INFO [main] org.apache.catalina.core.ApplicationContext.log ContextListener: contextInitialized()
04-Oct-2021 22:23:13.216 INFO [main] org.apache.catalina.core.ApplicationContext.log SessionListener: contextInitialized()
04-Oct-2021 22:23:13.216 INFO [main] org.apache.catalina.core.ApplicationContext.log ContextListener: attributeAdded('StockTicker', 'async.Stockticker@3c8bdd5b')
04-Oct-2021 22:23:14.258 INFO [Thread-2] org.apache.catalina.core.ApplicationContext.log SessionListener: contextDestroyed()
04-Oct-2021 22:23:14.258 INFO [Thread-2] org.apache.catalina.core.ApplicationContext.log ContextListener: contextDestroyed()
04-Oct-2021 22:23:21.337 INFO [main] org.apache.catalina.core.ApplicationContext.log ContextListener: contextInitialized()
04-Oct-2021 22:23:21.337 INFO [main] org.apache.catalina.core.ApplicationContext.log SessionListener: contextInitialized()
04-Oct-2021 22:23:21.337 INFO [main] org.apache.catalina.core.ApplicationContext.log ContextListener: attributeAdded('StockTicker', 'async.Stockticker@58783f6c')
04-Oct-2021 22:38:24.177 INFO [Thread-2] org.apache.catalina.core.ApplicationContext.log SessionListener: contextDestroyed()
04-Oct-2021 22:38:24.177 INFO [Thread-2] org.apache.catalina.core.ApplicationContext.log ContextListener: contextDestroyed()
04-Oct-2021 22:38:32.949 INFO [main] org.apache.catalina.core.ApplicationContext.log ContextListener: contextInitialized()
04-Oct-2021 22:38:32.949 INFO [main] org.apache.catalina.core.ApplicationContext.log SessionListener: contextInitialized()
04-Oct-2021 22:38:32.954 INFO [main] org.apache.catalina.core.ApplicationContext.log ContextListener: attributeAdded('StockTicker', 'async.Stockticker@47d93e0d')
04-Oct-2021 22:46:27.800 INFO [Thread-2] org.apache.catalina.core.ApplicationContext.log SessionListener: contextDestroyed()
04-Oct-2021 22:46:27.800 INFO [Thread-2] org.apache.catalina.core.ApplicationContext.log ContextListener: contextDestroyed()
04-Oct-2021 22:46:44.441 INFO [main] org.apache.catalina.core.ApplicationContext.log ContextListener: contextInitialized()
04-Oct-2021 22:46:44.441 INFO [main] org.apache.catalina.core.ApplicationContext.log SessionListener: contextInitialized()
04-Oct-2021 22:46:44.457 INFO [main] org.apache.catalina.core.ApplicationContext.log ContextListener: attributeAdded('StockTicker', 'async.Stockticker@c3719e5')
04-Oct-2021 22:48:18.677 INFO [Thread-2] org.apache.catalina.core.ApplicationContext.log SessionListener: contextDestroyed()
04-Oct-2021 22:48:18.677 INFO [Thread-2] org.apache.catalina.core.ApplicationContext.log ContextListener: contextDestroyed()
04-Oct-2021 22:49:16.911 INFO [main] org.apache.catalina.core.ApplicationContext.log ContextListener: contextInitialized()
04-Oct-2021 22:49:16.911 INFO [main] org.apache.catalina.core.ApplicationContext.log SessionListener: contextInitialized()
04-Oct-2021 22:49:16.926 INFO [main] org.apache.catalina.core.ApplicationContext.log ContextListener: attributeAdded('StockTicker', 'async.Stockticker@7135ce0a')
04-Oct-2021 23:06:23.155 INFO [Thread-2] org.apache.catalina.core.ApplicationContext.log SessionListener: contextDestroyed()
04-Oct-2021 23:06:23.155 INFO [Thread-2] org.apache.catalina.core.ApplicationContext.log ContextListener: contextDestroyed()
04-Oct-2021 23:08:28.643 INFO [main] org.apache.catalina.core.ApplicationContext.log ContextListener: contextInitialized()
04-Oct-2021 23:08:28.643 INFO [main] org.apache.catalina.core.ApplicationContext.log SessionListener: contextInitialized()
04-Oct-2021 23:08:28.643 INFO [main] org.apache.catalina.core.ApplicationContext.log ContextListener: attributeAdded('StockTicker', 'async.Stockticker@34d480b9')
