05-Oct-2021 12:48:32.937 INFO [main] org.apache.catalina.core.ApplicationContext.log ContextListener: contextInitialized()
05-Oct-2021 12:48:32.937 INFO [main] org.apache.catalina.core.ApplicationContext.log SessionListener: contextInitialized()
05-Oct-2021 12:48:32.941 INFO [main] org.apache.catalina.core.ApplicationContext.log ContextListener: attributeAdded('StockTicker', 'async.Stockticker@6f7a2a5')
05-Oct-2021 12:57:17.448 INFO [Thread-2] org.apache.catalina.core.ApplicationContext.log SessionListener: contextDestroyed()
05-Oct-2021 12:57:17.449 INFO [Thread-2] org.apache.catalina.core.ApplicationContext.log ContextListener: contextDestroyed()
05-Oct-2021 12:59:44.248 INFO [main] org.apache.catalina.core.ApplicationContext.log ContextListener: contextInitialized()
05-Oct-2021 12:59:44.249 INFO [main] org.apache.catalina.core.ApplicationContext.log SessionListener: contextInitialized()
05-Oct-2021 12:59:44.252 INFO [main] org.apache.catalina.core.ApplicationContext.log ContextListener: attributeAdded('StockTicker', 'async.Stockticker@c3719e5')
05-Oct-2021 13:37:13.292 INFO [Thread-2] org.apache.catalina.core.ApplicationContext.log SessionListener: contextDestroyed()
05-Oct-2021 13:37:13.292 INFO [Thread-2] org.apache.catalina.core.ApplicationContext.log ContextListener: contextDestroyed()
05-Oct-2021 13:38:41.889 INFO [main] org.apache.catalina.core.ApplicationContext.log ContextListener: contextInitialized()
05-Oct-2021 13:38:41.891 INFO [main] org.apache.catalina.core.ApplicationContext.log SessionListener: contextInitialized()
05-Oct-2021 13:38:41.895 INFO [main] org.apache.catalina.core.ApplicationContext.log ContextListener: attributeAdded('StockTicker', 'async.Stockticker@7c96c85')
05-Oct-2021 13:40:39.416 INFO [Thread-2] org.apache.catalina.core.ApplicationContext.log SessionListener: contextDestroyed()
05-Oct-2021 13:40:39.417 INFO [Thread-2] org.apache.catalina.core.ApplicationContext.log ContextListener: contextDestroyed()
05-Oct-2021 13:41:05.926 INFO [main] org.apache.catalina.core.ApplicationContext.log ContextListener: contextInitialized()
05-Oct-2021 13:41:05.926 INFO [main] org.apache.catalina.core.ApplicationContext.log SessionListener: contextInitialized()
05-Oct-2021 13:41:05.929 INFO [main] org.apache.catalina.core.ApplicationContext.log ContextListener: attributeAdded('StockTicker', 'async.Stockticker@6f7a2a5')
05-Oct-2021 13:41:33.896 INFO [Thread-2] org.apache.catalina.core.ApplicationContext.log SessionListener: contextDestroyed()
05-Oct-2021 13:41:33.896 INFO [Thread-2] org.apache.catalina.core.ApplicationContext.log ContextListener: contextDestroyed()
05-Oct-2021 13:42:54.552 INFO [main] org.apache.catalina.core.ApplicationContext.log ContextListener: contextInitialized()
05-Oct-2021 13:42:54.552 INFO [main] org.apache.catalina.core.ApplicationContext.log SessionListener: contextInitialized()
05-Oct-2021 13:42:54.557 INFO [main] org.apache.catalina.core.ApplicationContext.log ContextListener: attributeAdded('StockTicker', 'async.Stockticker@4e424582')
05-Oct-2021 13:54:57.329 INFO [Thread-2] org.apache.catalina.core.ApplicationContext.log SessionListener: contextDestroyed()
05-Oct-2021 13:54:57.329 INFO [Thread-2] org.apache.catalina.core.ApplicationContext.log ContextListener: contextDestroyed()
05-Oct-2021 13:55:08.931 INFO [main] org.apache.catalina.core.ApplicationContext.log ContextListener: contextInitialized()
05-Oct-2021 13:55:08.931 INFO [main] org.apache.catalina.core.ApplicationContext.log SessionListener: contextInitialized()
05-Oct-2021 13:55:08.935 INFO [main] org.apache.catalina.core.ApplicationContext.log ContextListener: attributeAdded('StockTicker', 'async.Stockticker@7135ce0a')
05-Oct-2021 13:55:57.684 INFO [Thread-2] org.apache.catalina.core.ApplicationContext.log SessionListener: contextDestroyed()
05-Oct-2021 13:55:57.684 INFO [Thread-2] org.apache.catalina.core.ApplicationContext.log ContextListener: contextDestroyed()
05-Oct-2021 13:57:31.023 INFO [main] org.apache.catalina.core.ApplicationContext.log ContextListener: contextInitialized()
05-Oct-2021 13:57:31.023 INFO [main] org.apache.catalina.core.ApplicationContext.log SessionListener: contextInitialized()
05-Oct-2021 13:57:31.028 INFO [main] org.apache.catalina.core.ApplicationContext.log ContextListener: attributeAdded('StockTicker', 'async.Stockticker@34d480b9')
05-Oct-2021 14:39:07.121 INFO [Thread-2] org.apache.catalina.core.ApplicationContext.log SessionListener: contextDestroyed()
05-Oct-2021 14:39:07.121 INFO [Thread-2] org.apache.catalina.core.ApplicationContext.log ContextListener: contextDestroyed()
05-Oct-2021 14:39:24.059 INFO [main] org.apache.catalina.core.ApplicationContext.log ContextListener: contextInitialized()
05-Oct-2021 14:39:24.060 INFO [main] org.apache.catalina.core.ApplicationContext.log SessionListener: contextInitialized()
05-Oct-2021 14:39:24.064 INFO [main] org.apache.catalina.core.ApplicationContext.log ContextListener: attributeAdded('StockTicker', 'async.Stockticker@6f7a2a5')
05-Oct-2021 14:45:00.151 INFO [Thread-2] org.apache.catalina.core.ApplicationContext.log SessionListener: contextDestroyed()
05-Oct-2021 14:45:00.152 INFO [Thread-2] org.apache.catalina.core.ApplicationContext.log ContextListener: contextDestroyed()
05-Oct-2021 14:45:12.668 INFO [main] org.apache.catalina.core.ApplicationContext.log ContextListener: contextInitialized()
05-Oct-2021 14:45:12.669 INFO [main] org.apache.catalina.core.ApplicationContext.log SessionListener: contextInitialized()
05-Oct-2021 14:45:12.673 INFO [main] org.apache.catalina.core.ApplicationContext.log ContextListener: attributeAdded('StockTicker', 'async.Stockticker@7015ebef')
05-Oct-2021 18:07:00.371 INFO [main] org.apache.catalina.core.ApplicationContext.log ContextListener: contextInitialized()
05-Oct-2021 18:07:00.371 INFO [main] org.apache.catalina.core.ApplicationContext.log SessionListener: contextInitialized()
05-Oct-2021 18:07:00.376 INFO [main] org.apache.catalina.core.ApplicationContext.log ContextListener: attributeAdded('StockTicker', 'async.Stockticker@57e5396b')
05-Oct-2021 18:07:14.332 INFO [Thread-2] org.apache.catalina.core.ApplicationContext.log SessionListener: contextDestroyed()
05-Oct-2021 18:07:14.332 INFO [Thread-2] org.apache.catalina.core.ApplicationContext.log ContextListener: contextDestroyed()
05-Oct-2021 18:07:49.903 INFO [main] org.apache.catalina.core.ApplicationContext.log ContextListener: contextInitialized()
05-Oct-2021 18:07:49.904 INFO [main] org.apache.catalina.core.ApplicationContext.log SessionListener: contextInitialized()
05-Oct-2021 18:07:49.908 INFO [main] org.apache.catalina.core.ApplicationContext.log ContextListener: attributeAdded('StockTicker', 'async.Stockticker@6d963d70')
05-Oct-2021 18:08:16.111 INFO [Thread-2] org.apache.catalina.core.ApplicationContext.log SessionListener: contextDestroyed()
05-Oct-2021 18:08:16.111 INFO [Thread-2] org.apache.catalina.core.ApplicationContext.log ContextListener: contextDestroyed()
05-Oct-2021 21:21:38.198 INFO [main] org.apache.catalina.core.ApplicationContext.log ContextListener: contextInitialized()
05-Oct-2021 21:21:38.198 INFO [main] org.apache.catalina.core.ApplicationContext.log SessionListener: contextInitialized()
05-Oct-2021 21:21:38.203 INFO [main] org.apache.catalina.core.ApplicationContext.log ContextListener: attributeAdded('StockTicker', 'async.Stockticker@50b734c4')
